0 info it worked if it ends with ok
1 verbose cli [ '/usr/local/bin/iojs', '/usr/local/bin/npm', 'run', 'dev' ]
2 info using npm@3.7.1
3 info using node@v6.0.0
4 verbose run-script [ 'predev', 'dev', 'postdev' ]
5 info lifecycle React@0.0.1~predev: React@0.0.1
6 silly lifecycle React@0.0.1~predev: no script for predev, continuing
7 info lifecycle React@0.0.1~dev: React@0.0.1
8 verbose lifecycle React@0.0.1~dev: unsafe-perm in lifecycle true
9 verbose lifecycle React@0.0.1~dev: PATH: /usr/local/lib/node_modules/npm/bin/node-gyp-bin:/Users/Ivan/Documents/Coding/REPOSITORY/react-antd-demo-1/node_modules/.bin:/usr/local/bin:/Users/Ivan/bin:/usr/local/bin:.:/usr/local/bin:/usr/bin:/bin:/usr/sbin:/sbin:/Library/Java/JavaVirtualMachines/jdk1.7.0_15.jdk/Contents/Home//bin:/Development/android-sdk/platform-tools:/Development/android-sdk/tools
10 verbose lifecycle React@0.0.1~dev: CWD: /Users/Ivan/Documents/Coding/REPOSITORY/react-antd-demo-1
11 silly lifecycle React@0.0.1~dev: Args: [ '-c',
11 silly lifecycle   'webpack-dev-server --inline --hot --progress --colors --host 0.0.0.0 --port 8888' ]
12 silly lifecycle React@0.0.1~dev: Returned: code: 1  signal: null
13 info lifecycle React@0.0.1~dev: Failed to exec dev script
14 verbose stack Error: React@0.0.1 dev: `webpack-dev-server --inline --hot --progress --colors --host 0.0.0.0 --port 8888`
14 verbose stack Exit status 1
14 verbose stack     at EventEmitter.<anonymous> (/usr/local/lib/node_modules/npm/lib/utils/lifecycle.js:239:16)
14 verbose stack     at emitTwo (events.js:106:13)
14 verbose stack     at EventEmitter.emit (events.js:191:7)
14 verbose stack     at ChildProcess.<anonymous> (/usr/local/lib/node_modules/npm/lib/utils/spawn.js:24:14)
14 verbose stack     at emitTwo (events.js:106:13)
14 verbose stack     at ChildProcess.emit (events.js:191:7)
14 verbose stack     at maybeClose (internal/child_process.js:850:16)
14 verbose stack     at Process.ChildProcess._handle.onexit (internal/child_process.js:215:5)
15 verbose pkgid React@0.0.1
16 verbose cwd /Users/Ivan/Documents/Coding/REPOSITORY/react-antd-demo-1
17 error Darwin 15.0.0
18 error argv "/usr/local/bin/iojs" "/usr/local/bin/npm" "run" "dev"
19 error node v6.0.0
20 error npm  v3.7.1
21 error code ELIFECYCLE
22 error React@0.0.1 dev: `webpack-dev-server --inline --hot --progress --colors --host 0.0.0.0 --port 8888`
22 error Exit status 1
23 error Failed at the React@0.0.1 dev script 'webpack-dev-server --inline --hot --progress --colors --host 0.0.0.0 --port 8888'.
23 error Make sure you have the latest version of node.js and npm installed.
23 error If you do, this is most likely a problem with the React package,
23 error not with npm itself.
23 error Tell the author that this fails on your system:
23 error     webpack-dev-server --inline --hot --progress --colors --host 0.0.0.0 --port 8888
23 error You can get information on how to open an issue for this project with:
23 error     npm bugs React
23 error Or if that isn't available, you can get their info via:
23 error     npm owner ls React
23 error There is likely additional logging output above.
24 verbose exit [ 1, true ]
